<?xml version="1.0" encoding="UTF-8"?>
<!-- Generated by org.testng.reporters.JUnitXMLReporter -->
<testsuite ignored="0" hostname="Unbreakable" failures="0" tests="10" name="Surefire test" time="10.497" errors="0" timestamp="2024-09-09T19:24:20 TRT">
  <testcase classname="api.test.DDTests" name="testPostUser" time="2.122"/>
  <testcase classname="api.test.DDTests" name="testPostUser" time="0.76"/>
  <testcase classname="api.test.DDTests" name="testPostUser" time="0.737"/>
  <testcase classname="api.test.DDTests" name="testDeleteUserByName" time="0.774"/>
  <testcase classname="api.test.DDTests" name="testDeleteUserByName" time="0.747"/>
  <testcase classname="api.test.DDTests" name="testDeleteUserByName" time="0.743"/>
  <testcase classname="api.test.UserTests" name="testPostUser" time="0.787"/>
  <testcase classname="api.test.UserTests" name="testGetUserByName" time="0.748"/>
  <testcase classname="api.test.UserTests" name="testUpdateUserByName" time="1.512"/>
  <testcase classname="api.test.UserTests" name="testDeleteUserByName" time="0.755"/>
</testsuite> <!-- Surefire test -->
