<?xml version="1.0" encoding="UTF-8"?>
<!-- Generated by org.testng.reporters.JUnitXMLReporter -->
<testsuite ignored="0" hostname="Unbreakable" failures="0" tests="4" name="Default test" time="7.72" errors="0" timestamp="2024-09-09T17:23:32 TRT">
  <testcase classname="api.test.UserTests" name="testPostUser" time="3.286"/>
  <testcase classname="api.test.UserTests" name="testGetUserByName" time="1.035"/>
  <testcase classname="api.test.UserTests" name="testUpdateUserByName" time="2.03"/>
  <testcase classname="api.test.UserTests" name="testDeleteUserByName" time="1.022"/>
</testsuite> <!-- Default test -->
