<?xml version="1.0" encoding="UTF-8"?>
<testng-results ignored="0" total="4" passed="4" failed="0" skipped="0">
  <reporter-output>
  </reporter-output>
  <suite started-at="2024-09-09T19:14:38 TRT" name="PetSuite" finished-at="2024-09-09T19:14:43 TRT" duration-ms="5495">
    <groups>
    </groups>
    <test started-at="2024-09-09T19:14:38 TRT" name="PetTests" finished-at="2024-09-09T19:14:43 TRT" duration-ms="5495">
      <class name="api.test.UserTests2">
        <test-method is-config="true" signature="setup()[pri:0, instance:api.test.UserTests2@63b1d4fa]" started-at="2024-09-09T19:14:38 TRT" name="setup" finished-at="2024-09-09T19:14:38 TRT" duration-ms="124" status="PASS">
          <reporter-output>
          </reporter-output>
        </test-method> <!-- setup -->
        <test-method signature="testPostUser()[pri:1, instance:api.test.UserTests2@63b1d4fa]" started-at="2024-09-09T19:14:38 TRT" name="testPostUser" finished-at="2024-09-09T19:14:40 TRT" duration-ms="2147" status="PASS">
          <reporter-output>
          </reporter-output>
        </test-method> <!-- testPostUser -->
        <test-method signature="testGetUserByName()[pri:2, instance:api.test.UserTests2@63b1d4fa]" started-at="2024-09-09T19:14:40 TRT" name="testGetUserByName" finished-at="2024-09-09T19:14:41 TRT" duration-ms="775" status="PASS">
          <reporter-output>
          </reporter-output>
        </test-method> <!-- testGetUserByName -->
        <test-method signature="testUpdateUserByName()[pri:3, instance:api.test.UserTests2@63b1d4fa]" started-at="2024-09-09T19:14:41 TRT" name="testUpdateUserByName" finished-at="2024-09-09T19:14:42 TRT" duration-ms="1532" status="PASS">
          <reporter-output>
          </reporter-output>
        </test-method> <!-- testUpdateUserByName -->
        <test-method signature="testDeleteUserByName()[pri:4, instance:api.test.UserTests2@63b1d4fa]" started-at="2024-09-09T19:14:42 TRT" name="testDeleteUserByName" finished-at="2024-09-09T19:14:43 TRT" duration-ms="770" status="PASS">
          <reporter-output>
          </reporter-output>
        </test-method> <!-- testDeleteUserByName -->
      </class> <!-- api.test.UserTests2 -->
    </test> <!-- PetTests -->
  </suite> <!-- PetSuite -->
</testng-results>
