<?xml version="1.0" encoding="UTF-8"?>
<!-- Generated by org.testng.reporters.JUnitXMLReporter -->
<testsuite ignored="0" hostname="Unbreakable" failures="0" tests="4" name="PetTests" time="5.495" errors="0" timestamp="2024-09-09T19:14:43 TRT">
  <testcase classname="api.test.UserTests2" name="testPostUser" time="2.147"/>
  <testcase classname="api.test.UserTests2" name="testGetUserByName" time="0.775"/>
  <testcase classname="api.test.UserTests2" name="testUpdateUserByName" time="1.532"/>
  <testcase classname="api.test.UserTests2" name="testDeleteUserByName" time="0.77"/>
</testsuite> <!-- PetTests -->
